Display credit details for your organization.                                       
                                                                                    
This command shows your organization's credit balance, auto-replenish configuration,
and any credit expirations.                                                         
                                                                                    
By default, the stored organization ID is used. Use --org-id to query a specific    
organization.                                                                       

Usage:
  censys org credits [flags]

Examples:
  censys org credits  # Show credits for your stored organization
  censys org credits --org-id <uuid> # Show credits for a specific organization

Flags:
  -h, --help            help for credits
  -o, --org-id string   override the configured organization ID

Global Flags:
      --debug                   enable debug logging
      --no-color                disable ANSI colors and styles
      --no-spinner              disable spinner during operations
  -O, --output-format string    output format (json|yaml|tree|short|template) (default "short")
  -q, --quiet                   suppress non-essential output
  -S, --streaming               enable streaming output mode (NDJSON) for commands that support it
      --timeout-http duration   per-request timeout for HTTP requests (e.g. 10s, 1m) - use 0 to disable

